2023-08-12 20:44:42 info: Server listening at http://localhost:8080
2023-08-12 20:46:42 debug: This is a debug log
2023-08-12 20:46:42 http: This is an http log
2023-08-12 20:46:42 info: This is an info log
2023-08-12 20:46:42 warning: This is a warning log
2023-08-12 20:46:42 error: This is an error log
2023-08-12 20:57:17 info: Server listening at http://localhost:8080
2023-08-12 21:02:37 info: Server listening at http://localhost:8080
2023-08-12 21:07:16 info: Server listening at http://localhost:8080
2023-08-12 21:07:53 info: Server listening at http://localhost:8080
2023-08-12 21:07:55 info: Connected to MongoDB
2023-08-12 21:09:12 info: Server listening at http://localhost:8080
2023-08-12 21:09:14 info: Connected to MongoDB
2023-08-12 21:09:51 info: Creating new MongoDB connection instance
2023-08-12 21:09:51 debug: Reusing existing MongoDB connection
2023-08-12 21:09:51 debug: Reusing existing MongoDB connection
2023-08-12 21:09:51 info: Server listening at http://localhost:8080
2023-08-12 21:09:51 debug: Reusing existing MongoDB connection
2023-08-12 21:09:53 info: Connected to MongoDB
2023-08-12 21:09:53 debug: Reusing existing MongoDB connection
2023-08-12 21:10:48 info: Creating new MongoDB connection instance
2023-08-12 21:10:48 debug: Reusing existing MongoDB connection
2023-08-12 21:10:48 debug: Reusing existing MongoDB connection
2023-08-12 21:10:48 info: Server listening at http://localhost:8080
2023-08-12 21:10:48 debug: Reusing existing MongoDB connection
2023-08-12 21:10:51 info: Connected to MongoDB
2023-08-12 21:10:51 debug: Reusing existing MongoDB connection
2023-08-12 21:10:57 info: Creating new MongoDB connection instance
2023-08-12 21:10:57 debug: Reusing existing MongoDB connection
2023-08-12 21:10:57 debug: Reusing existing MongoDB connection
2023-08-12 21:10:57 info: Server listening at http://localhost:8080
2023-08-12 21:10:58 debug: Reusing existing MongoDB connection
2023-08-12 21:11:02 info: Creating new MongoDB connection instance
2023-08-12 21:11:02 debug: Reusing existing MongoDB connection
2023-08-12 21:11:02 debug: Reusing existing MongoDB connection
2023-08-12 21:11:02 info: Server listening at http://localhost:8080
2023-08-12 21:11:02 debug: Reusing existing MongoDB connection
2023-08-12 21:11:05 info: Connected to MongoDB
2023-08-12 21:11:05 debug: Reusing existing MongoDB connection
2023-08-12 21:11:22 info: Creating new MongoDB connection instance
2023-08-12 21:11:22 debug: Reusing existing MongoDB connection
2023-08-12 21:11:22 debug: Reusing existing MongoDB connection
2023-08-12 21:11:22 info: Server listening at http://localhost:8080
2023-08-12 21:11:22 debug: Reusing existing MongoDB connection
2023-08-12 21:11:24 info: Connected to MongoDB
2023-08-12 21:11:24 debug: Reusing existing MongoDB connection
2023-08-12 21:21:56 info: Creating new MongoDB connection instance
2023-08-12 21:21:56 debug: Reusing existing MongoDB connection
2023-08-12 21:21:56 debug: Reusing existing MongoDB connection
2023-08-12 21:21:56 info: Server listening at http://localhost:8080
2023-08-12 21:21:56 debug: Reusing existing MongoDB connection
2023-08-12 21:21:58 info: Connected to MongoDB
2023-08-12 21:21:58 debug: Reusing existing MongoDB connection
2023-08-12 21:22:24 info: Creating new MongoDB connection instance
2023-08-12 21:22:24 debug: Reusing existing MongoDB connection
2023-08-12 21:22:24 debug: Reusing existing MongoDB connection
2023-08-12 21:22:24 info: Server listening at http://localhost:8080
2023-08-12 21:22:24 debug: Reusing existing MongoDB connection
2023-08-12 21:22:26 info: Connected to MongoDB
2023-08-12 21:22:26 debug: Reusing existing MongoDB connection
2023-08-12 21:23:54 info: Creating new MongoDB connection instance
2023-08-12 21:23:54 debug: Reusing existing MongoDB connection
2023-08-12 21:23:54 debug: Reusing existing MongoDB connection
2023-08-12 21:23:54 info: Server listening at http://localhost:8080
2023-08-12 21:23:54 debug: Reusing existing MongoDB connection
2023-08-12 21:23:57 info: Connected to MongoDB
2023-08-12 21:23:57 debug: Reusing existing MongoDB connection
2023-08-12 21:26:13 info: Creating new MongoDB connection instance
2023-08-12 21:26:13 debug: Reusing existing MongoDB connection
2023-08-12 21:26:13 debug: Reusing existing MongoDB connection
2023-08-12 21:26:13 info: Server listening at http://localhost:8080
2023-08-12 21:26:13 debug: Reusing existing MongoDB connection
2023-08-12 21:26:16 info: Connected to MongoDB
2023-08-12 21:26:16 debug: Reusing existing MongoDB connection
2023-08-12 21:32:47 info: Creating new MongoDB connection instance
2023-08-12 21:32:47 debug: Reusing existing MongoDB connection
2023-08-12 21:32:47 debug: Reusing existing MongoDB connection
2023-08-12 21:32:47 info: Server listening at http://localhost:8080
2023-08-12 21:32:47 debug: Reusing existing MongoDB connection
2023-08-12 21:32:49 info: Connected to MongoDB
2023-08-12 21:32:49 debug: Reusing existing MongoDB connection
2023-08-12 21:37:43 info: Creating new MongoDB connection instance
2023-08-12 21:37:43 debug: Reusing existing MongoDB connection
2023-08-12 21:37:43 debug: Reusing existing MongoDB connection
2023-08-12 21:37:43 info: Server listening at http://localhost:8080
2023-08-12 21:37:43 debug: Reusing existing MongoDB connection
2023-08-12 21:37:46 info: Connected to MongoDB
2023-08-12 21:37:46 debug: Reusing existing MongoDB connection
2023-08-12 21:38:47 info: Creating new MongoDB connection instance
2023-08-12 21:38:47 debug: Reusing existing MongoDB connection
2023-08-12 21:38:47 debug: Reusing existing MongoDB connection
2023-08-12 21:38:47 info: Server listening at http://localhost:8080
2023-08-12 21:38:47 debug: Reusing existing MongoDB connection
2023-08-12 21:38:50 info: Connected to MongoDB
2023-08-12 21:38:50 debug: Reusing existing MongoDB connection
2023-08-12 21:39:13 info: Creating new MongoDB connection instance
2023-08-12 21:39:13 debug: Reusing existing MongoDB connection
2023-08-12 21:39:13 debug: Reusing existing MongoDB connection
2023-08-12 21:39:13 info: Server listening at http://localhost:8080
2023-08-12 21:39:13 debug: Reusing existing MongoDB connection
2023-08-12 21:39:16 info: Connected to MongoDB
2023-08-12 21:39:16 debug: Reusing existing MongoDB connection
2023-08-12 21:43:50 info: Creating new MongoDB connection instance
2023-08-12 21:43:50 debug: Reusing existing MongoDB connection
2023-08-12 21:43:50 debug: Reusing existing MongoDB connection
2023-08-12 21:43:50 info: Server listening at http://localhost:8080
2023-08-12 21:43:50 debug: Reusing existing MongoDB connection
2023-08-12 21:43:54 info: Connected to MongoDB
2023-08-12 21:43:54 debug: Reusing existing MongoDB connection
2023-08-12 21:47:02 info: Creating new MongoDB connection instance
2023-08-12 21:47:02 debug: Reusing existing MongoDB connection
2023-08-12 21:47:02 debug: Reusing existing MongoDB connection
2023-08-12 21:47:02 info: Server listening at http://localhost:8080
2023-08-12 21:47:02 debug: Reusing existing MongoDB connection
2023-08-12 21:47:04 info: Connected to MongoDB
2023-08-12 21:47:04 debug: Reusing existing MongoDB connection
2023-08-12 21:51:16 info: Creating new MongoDB connection instance
2023-08-12 21:51:16 debug: Reusing existing MongoDB connection
2023-08-12 21:51:16 debug: Reusing existing MongoDB connection
2023-08-12 21:51:16 info: Server listening at http://localhost:8080
2023-08-12 21:51:16 debug: Reusing existing MongoDB connection
2023-08-12 21:51:18 info: Connected to MongoDB
2023-08-12 21:51:18 debug: Reusing existing MongoDB connection
2023-08-12 21:51:58 info: Creating new MongoDB connection instance
2023-08-12 21:51:58 debug: Reusing existing MongoDB connection
2023-08-12 21:51:58 debug: Reusing existing MongoDB connection
2023-08-12 21:51:58 info: Server listening at http://localhost:8080
2023-08-12 21:51:58 debug: Reusing existing MongoDB connection
2023-08-12 21:52:01 info: Connected to MongoDB
2023-08-12 21:52:02 debug: Reusing existing MongoDB connection
2023-08-12 21:52:10 info: Creating new MongoDB connection instance
2023-08-12 21:52:10 debug: Reusing existing MongoDB connection
2023-08-12 21:52:10 debug: Reusing existing MongoDB connection
2023-08-12 21:52:10 info: Server listening at http://localhost:8080
2023-08-12 21:52:10 debug: Reusing existing MongoDB connection
2023-08-12 21:52:13 info: Connected to MongoDB
2023-08-12 21:52:13 debug: Reusing existing MongoDB connection
