2023-08-12 20:44:42 info: Server listening at http://localhost:8080
2023-08-12 20:46:42 debug: This is a debug log
2023-08-12 20:46:42 http: This is an http log
2023-08-12 20:46:42 info: This is an info log
2023-08-12 20:46:42 warning: This is a warning log
2023-08-12 20:46:42 error: This is an error log
2023-08-12 20:57:17 info: Server listening at http://localhost:8080
2023-08-12 21:02:37 info: Server listening at http://localhost:8080
2023-08-12 21:07:16 info: Server listening at http://localhost:8080
2023-08-12 21:07:53 info: Server listening at http://localhost:8080
2023-08-12 21:07:55 info: Connected to MongoDB
2023-08-12 21:09:12 info: Server listening at http://localhost:8080
2023-08-12 21:09:14 info: Connected to MongoDB
2023-08-12 21:09:51 info: Creating new MongoDB connection instance
2023-08-12 21:09:51 debug: Reusing existing MongoDB connection
2023-08-12 21:09:51 debug: Reusing existing MongoDB connection
2023-08-12 21:09:51 info: Server listening at http://localhost:8080
2023-08-12 21:09:51 debug: Reusing existing MongoDB connection
2023-08-12 21:09:53 info: Connected to MongoDB
2023-08-12 21:09:53 debug: Reusing existing MongoDB connection
2023-08-12 21:10:48 info: Creating new MongoDB connection instance
2023-08-12 21:10:48 debug: Reusing existing MongoDB connection
2023-08-12 21:10:48 debug: Reusing existing MongoDB connection
2023-08-12 21:10:48 info: Server listening at http://localhost:8080
2023-08-12 21:10:48 debug: Reusing existing MongoDB connection
2023-08-12 21:10:51 info: Connected to MongoDB
2023-08-12 21:10:51 debug: Reusing existing MongoDB connection
2023-08-12 21:10:57 info: Creating new MongoDB connection instance
2023-08-12 21:10:57 debug: Reusing existing MongoDB connection
2023-08-12 21:10:57 debug: Reusing existing MongoDB connection
2023-08-12 21:10:57 info: Server listening at http://localhost:8080
2023-08-12 21:10:58 debug: Reusing existing MongoDB connection
2023-08-12 21:11:02 info: Creating new MongoDB connection instance
2023-08-12 21:11:02 debug: Reusing existing MongoDB connection
2023-08-12 21:11:02 debug: Reusing existing MongoDB connection
2023-08-12 21:11:02 info: Server listening at http://localhost:8080
2023-08-12 21:11:02 debug: Reusing existing MongoDB connection
2023-08-12 21:11:05 info: Connected to MongoDB
2023-08-12 21:11:05 debug: Reusing existing MongoDB connection
2023-08-12 21:11:22 info: Creating new MongoDB connection instance
2023-08-12 21:11:22 debug: Reusing existing MongoDB connection
2023-08-12 21:11:22 debug: Reusing existing MongoDB connection
2023-08-12 21:11:22 info: Server listening at http://localhost:8080
2023-08-12 21:11:22 debug: Reusing existing MongoDB connection
2023-08-12 21:11:24 info: Connected to MongoDB
2023-08-12 21:11:24 debug: Reusing existing MongoDB connection
2023-08-12 21:21:56 info: Creating new MongoDB connection instance
2023-08-12 21:21:56 debug: Reusing existing MongoDB connection
2023-08-12 21:21:56 debug: Reusing existing MongoDB connection
2023-08-12 21:21:56 info: Server listening at http://localhost:8080
2023-08-12 21:21:56 debug: Reusing existing MongoDB connection
2023-08-12 21:21:58 info: Connected to MongoDB
2023-08-12 21:21:58 debug: Reusing existing MongoDB connection
2023-08-12 21:22:24 info: Creating new MongoDB connection instance
2023-08-12 21:22:24 debug: Reusing existing MongoDB connection
2023-08-12 21:22:24 debug: Reusing existing MongoDB connection
2023-08-12 21:22:24 info: Server listening at http://localhost:8080
2023-08-12 21:22:24 debug: Reusing existing MongoDB connection
2023-08-12 21:22:26 info: Connected to MongoDB
2023-08-12 21:22:26 debug: Reusing existing MongoDB connection
2023-08-12 21:23:54 info: Creating new MongoDB connection instance
2023-08-12 21:23:54 debug: Reusing existing MongoDB connection
2023-08-12 21:23:54 debug: Reusing existing MongoDB connection
2023-08-12 21:23:54 info: Server listening at http://localhost:8080
2023-08-12 21:23:54 debug: Reusing existing MongoDB connection
2023-08-12 21:23:57 info: Connected to MongoDB
2023-08-12 21:23:57 debug: Reusing existing MongoDB connection
2023-08-12 21:26:13 info: Creating new MongoDB connection instance
2023-08-12 21:26:13 debug: Reusing existing MongoDB connection
2023-08-12 21:26:13 debug: Reusing existing MongoDB connection
2023-08-12 21:26:13 info: Server listening at http://localhost:8080
2023-08-12 21:26:13 debug: Reusing existing MongoDB connection
2023-08-12 21:26:16 info: Connected to MongoDB
2023-08-12 21:26:16 debug: Reusing existing MongoDB connection
2023-08-12 21:32:47 info: Creating new MongoDB connection instance
2023-08-12 21:32:47 debug: Reusing existing MongoDB connection
2023-08-12 21:32:47 debug: Reusing existing MongoDB connection
2023-08-12 21:32:47 info: Server listening at http://localhost:8080
2023-08-12 21:32:47 debug: Reusing existing MongoDB connection
2023-08-12 21:32:49 info: Connected to MongoDB
2023-08-12 21:32:49 debug: Reusing existing MongoDB connection
2023-08-12 21:37:43 info: Creating new MongoDB connection instance
2023-08-12 21:37:43 debug: Reusing existing MongoDB connection
2023-08-12 21:37:43 debug: Reusing existing MongoDB connection
2023-08-12 21:37:43 info: Server listening at http://localhost:8080
2023-08-12 21:37:43 debug: Reusing existing MongoDB connection
2023-08-12 21:37:46 info: Connected to MongoDB
2023-08-12 21:37:46 debug: Reusing existing MongoDB connection
2023-08-12 21:38:47 info: Creating new MongoDB connection instance
2023-08-12 21:38:47 debug: Reusing existing MongoDB connection
2023-08-12 21:38:47 debug: Reusing existing MongoDB connection
2023-08-12 21:38:47 info: Server listening at http://localhost:8080
2023-08-12 21:38:47 debug: Reusing existing MongoDB connection
2023-08-12 21:38:50 info: Connected to MongoDB
2023-08-12 21:38:50 debug: Reusing existing MongoDB connection
2023-08-12 21:39:13 info: Creating new MongoDB connection instance
2023-08-12 21:39:13 debug: Reusing existing MongoDB connection
2023-08-12 21:39:13 debug: Reusing existing MongoDB connection
2023-08-12 21:39:13 info: Server listening at http://localhost:8080
2023-08-12 21:39:13 debug: Reusing existing MongoDB connection
2023-08-12 21:39:16 info: Connected to MongoDB
2023-08-12 21:39:16 debug: Reusing existing MongoDB connection
2023-08-12 21:43:50 info: Creating new MongoDB connection instance
2023-08-12 21:43:50 debug: Reusing existing MongoDB connection
2023-08-12 21:43:50 debug: Reusing existing MongoDB connection
2023-08-12 21:43:50 info: Server listening at http://localhost:8080
2023-08-12 21:43:50 debug: Reusing existing MongoDB connection
2023-08-12 21:43:54 info: Connected to MongoDB
2023-08-12 21:43:54 debug: Reusing existing MongoDB connection
2023-08-12 21:47:02 info: Creating new MongoDB connection instance
2023-08-12 21:47:02 debug: Reusing existing MongoDB connection
2023-08-12 21:47:02 debug: Reusing existing MongoDB connection
2023-08-12 21:47:02 info: Server listening at http://localhost:8080
2023-08-12 21:47:02 debug: Reusing existing MongoDB connection
2023-08-12 21:47:04 info: Connected to MongoDB
2023-08-12 21:47:04 debug: Reusing existing MongoDB connection
2023-08-12 21:51:16 info: Creating new MongoDB connection instance
2023-08-12 21:51:16 debug: Reusing existing MongoDB connection
2023-08-12 21:51:16 debug: Reusing existing MongoDB connection
2023-08-12 21:51:16 info: Server listening at http://localhost:8080
2023-08-12 21:51:16 debug: Reusing existing MongoDB connection
2023-08-12 21:51:18 info: Connected to MongoDB
2023-08-12 21:51:18 debug: Reusing existing MongoDB connection
2023-08-12 21:51:58 info: Creating new MongoDB connection instance
2023-08-12 21:51:58 debug: Reusing existing MongoDB connection
2023-08-12 21:51:58 debug: Reusing existing MongoDB connection
2023-08-12 21:51:58 info: Server listening at http://localhost:8080
2023-08-12 21:51:58 debug: Reusing existing MongoDB connection
2023-08-12 21:52:01 info: Connected to MongoDB
2023-08-12 21:52:02 debug: Reusing existing MongoDB connection
2023-08-12 21:52:10 info: Creating new MongoDB connection instance
2023-08-12 21:52:10 debug: Reusing existing MongoDB connection
2023-08-12 21:52:10 debug: Reusing existing MongoDB connection
2023-08-12 21:52:10 info: Server listening at http://localhost:8080
2023-08-12 21:52:10 debug: Reusing existing MongoDB connection
2023-08-12 21:52:13 info: Connected to MongoDB
2023-08-12 21:52:13 debug: Reusing existing MongoDB connection
2023-08-12 21:52:54 info: Creating new MongoDB connection instance
2023-08-12 21:52:54 debug: Reusing existing MongoDB connection
2023-08-12 21:52:54 debug: Reusing existing MongoDB connection
2023-08-12 21:52:54 info: Server listening at http://localhost:8080
2023-08-12 21:52:54 debug: Reusing existing MongoDB connection
2023-08-12 21:52:57 info: Connected to MongoDB
2023-08-12 21:52:57 debug: Reusing existing MongoDB connection
2023-08-15 00:49:42 info: Creating new MongoDB connection instance
2023-08-15 00:49:42 debug: Reusing existing MongoDB connection
2023-08-15 00:49:42 debug: Reusing existing MongoDB connection
2023-08-15 00:49:42 info: Server listening at http://localhost:8080
2023-08-15 00:49:42 debug: Reusing existing MongoDB connection
2023-08-15 00:49:45 info: Connected to MongoDB
2023-08-15 00:49:45 debug: Reusing existing MongoDB connection
2023-08-15 00:53:13 debug: Session:
2023-08-15 00:55:53 info: Creating new MongoDB connection instance
2023-08-15 00:55:53 debug: Reusing existing MongoDB connection
2023-08-15 00:55:53 debug: Reusing existing MongoDB connection
2023-08-15 00:55:53 info: Server listening at http://localhost:8080
2023-08-15 00:55:53 debug: Reusing existing MongoDB connection
2023-08-15 00:55:56 info: Connected to MongoDB
2023-08-15 00:55:56 debug: Reusing existing MongoDB connection
2023-08-15 00:56:26 debug: Session:
2023-08-15 01:04:28 info: Creating new MongoDB connection instance
2023-08-15 01:04:28 debug: Reusing existing MongoDB connection
2023-08-15 01:04:28 debug: Reusing existing MongoDB connection
2023-08-15 01:04:28 info: Server listening at http://localhost:8080
2023-08-15 01:04:28 debug: Reusing existing MongoDB connection
2023-08-15 01:04:31 info: Connected to MongoDB
2023-08-15 01:04:31 debug: Reusing existing MongoDB connection
2023-08-15 01:04:37 debug: Session:
2023-08-15 01:11:01 info: Creating new MongoDB connection instance
2023-08-15 01:11:01 info: Initializing productService...
2023-08-15 01:11:01 debug: Reusing existing MongoDB connection
2023-08-15 01:11:01 debug: Reusing existing MongoDB connection
2023-08-15 01:11:01 info: Server listening at http://localhost:8080
2023-08-15 01:11:01 debug: Reusing existing MongoDB connection
2023-08-15 01:11:02 info: productService initialized successfully.
2023-08-15 01:11:04 info: Connected to MongoDB
2023-08-15 01:11:04 info: productService already initialized.
2023-08-15 01:11:04 debug: Reusing existing MongoDB connection
2023-08-15 01:11:40 info: Creating new MongoDB connection instance
2023-08-15 01:11:40 info: Initializing productService...
2023-08-15 01:11:40 debug: Reusing existing MongoDB connection
2023-08-15 01:11:40 debug: Reusing existing MongoDB connection
2023-08-15 01:11:40 info: Server listening at http://localhost:8080
2023-08-15 01:11:40 debug: Reusing existing MongoDB connection
2023-08-15 01:11:40 info: productService initialized successfully.
2023-08-15 01:11:42 info: Connected to MongoDB
2023-08-15 01:11:42 info: productService already initialized.
2023-08-15 01:11:42 debug: Reusing existing MongoDB connection
2023-08-15 01:11:51 debug: Session:
2023-08-15 01:25:09 info: Creating new MongoDB connection instance
2023-08-15 01:25:09 info: Initializing productService...
2023-08-15 01:25:09 debug: Reusing existing MongoDB connection
2023-08-15 01:25:09 debug: Reusing existing MongoDB connection
2023-08-15 01:25:09 info: Server listening at http://localhost:8080
2023-08-15 01:25:09 debug: Reusing existing MongoDB connection
2023-08-15 01:25:09 info: productService initialized successfully.
2023-08-15 01:25:12 info: Connected to MongoDB
2023-08-15 01:25:12 info: productService already initialized.
2023-08-15 01:25:12 debug: Reusing existing MongoDB connection
2023-08-15 01:26:38 info: Creating new MongoDB connection instance
2023-08-15 01:26:38 info: Initializing productService...
2023-08-15 01:26:38 debug: Reusing existing MongoDB connection
2023-08-15 01:26:38 debug: Reusing existing MongoDB connection
2023-08-15 01:26:38 info: Server listening at http://localhost:8080
2023-08-15 01:26:38 debug: Reusing existing MongoDB connection
2023-08-15 01:26:38 info: productService initialized successfully.
2023-08-15 01:26:41 info: Connected to MongoDB
2023-08-15 01:26:41 info: productService already initialized.
2023-08-15 01:26:41 debug: Reusing existing MongoDB connection
2023-08-15 01:26:49 info: Creating new MongoDB connection instance
2023-08-15 01:26:49 debug: Reusing existing MongoDB connection
2023-08-15 01:26:50 info: Server listening at http://localhost:8080
2023-08-15 01:26:50 debug: Reusing existing MongoDB connection
2023-08-15 01:26:52 info: Connected to MongoDB
2023-08-15 01:26:52 info: Initializing productService...
2023-08-15 01:26:52 debug: Reusing existing MongoDB connection
2023-08-15 01:26:52 info: productService initialized successfully.
2023-08-15 01:26:52 debug: Reusing existing MongoDB connection
2023-08-15 01:27:38 info: Creating new MongoDB connection instance
2023-08-15 01:27:38 debug: Reusing existing MongoDB connection
2023-08-15 01:27:38 info: Server listening at http://localhost:8080
2023-08-15 01:27:38 debug: Reusing existing MongoDB connection
2023-08-15 01:28:34 info: Creating new MongoDB connection instance
2023-08-15 01:28:34 debug: Reusing existing MongoDB connection
2023-08-15 01:28:34 info: Server listening at http://localhost:8080
2023-08-15 01:28:34 debug: Reusing existing MongoDB connection
2023-08-15 01:29:04 error: Failed to connect to MongoDB: Could not connect to any servers in your MongoDB Atlas cluster. One common reason is that you're trying to access the database from an IP that isn't whitelisted. Make sure your current IP address is on your Atlas cluster's IP whitelist: https://www.mongodb.com/docs/atlas/security-whitelist/
2023-08-15 01:46:13 info: Creating new MongoDB connection instance
2023-08-15 01:46:13 debug: Reusing existing MongoDB connection
2023-08-15 01:46:13 info: Server listening at http://localhost:8080
2023-08-15 01:46:13 debug: Reusing existing MongoDB connection
2023-08-15 01:46:16 info: Connected to MongoDB
2023-08-15 01:46:16 info: Initializing productService...
2023-08-15 01:46:16 debug: Reusing existing MongoDB connection
2023-08-15 01:46:16 info: productService initialized successfully.
2023-08-15 01:46:16 debug: Reusing existing MongoDB connection
2023-08-15 01:46:28 debug: Session:
2023-08-31 17:03:03 error: This is an error log
2023-08-31 17:03:03 fatal: This is a fatal log
2023-08-31 17:23:31 error: Error viewing all products: Cannot read properties of undefined (reading 'productService')
2023-08-31 17:39:13 error: Error viewing all products: Cannot read properties of undefined (reading 'productService')
2023-08-31 17:40:42 error: Error viewing all products: Cannot read properties of undefined (reading 'productService')
2023-08-31 17:41:37 error: Error viewing all products: Cannot read properties of undefined (reading 'productService')
2023-08-31 18:40:20 error: Error viewing all products: Cannot read properties of undefined (reading 'productService')
2023-08-31 18:49:59 error: Error viewing all products: Cannot read properties of undefined (reading 'productService')
2023-08-31 18:50:43 error: Error viewing all products: Cannot read properties of undefined (reading 'productService')
2023-08-31 18:51:46 error: Error viewing all products: Cannot read properties of undefined (reading 'productService')
2023-08-31 18:54:55 error: Error viewing all products: Cannot read properties of undefined (reading 'productService')
2023-09-02 17:55:02 error: Error viewing all products: Cannot read properties of undefined (reading 'productService')
2023-09-02 18:00:20 error: Error viewing all products: Cannot read properties of undefined (reading 'productService')
2023-09-02 19:04:33 error: Error viewing all products: Cannot read properties of undefined (reading 'map')
2023-09-02 19:07:01 error: Error viewing all products: Cannot read properties of undefined (reading 'map')
2023-09-02 19:32:00 error: Error viewing all products: Data not found
2023-09-02 19:42:16 error: Error retrieving all products: Cannot read properties of undefined (reading 'map')
2023-09-02 23:07:25 error: Authentication failed for user manuelg@gmail.com
2023-09-02 23:09:46 error: Authentication failed for user thayrovg@gmail.com
2023-09-02 23:15:54 error: Authentication failed for user thayrovg@gmail.com
2023-09-02 23:22:53 error: Authentication failed for user thayrovg@gmail.com
2023-09-02 23:44:46 error: Error in resetPassword:  New password cannot be the same as the current password
